2024-12-27T01:15:05.334+05:30  INFO 25694 --- [secure] [restartedMain] com.crm.secure.SecureApplication         : Starting SecureApplication using Java 17.0.13 with PID 25694 (/home/pushpak/workspace/bunker/jaaaava/secure/target/classes started by pushpak in /home/pushpak/workspace/bunker/jaaaava/secure)
2024-12-27T01:15:05.348+05:30  INFO 25694 --- [secure] [restartedMain] com.crm.secure.SecureApplication         : No active profile set, falling back to 1 default profile: "default"
2024-12-27T01:15:05.398+05:30  INFO 25694 --- [secure] [restartedMain] .e.DevToolsPropertyDefaultsPostProcessor : Devtools property defaults active! Set 'spring.devtools.add-properties' to 'false' to disable
2024-12-27T01:15:05.398+05:30  INFO 25694 --- [secure] [restartedMain] .e.DevToolsPropertyDefaultsPostProcessor : For additional web related logging consider setting the 'logging.level.web' property to 'DEBUG'
2024-12-27T01:15:06.587+05:30  INFO 25694 --- [secure] [restartedMain] .s.d.r.c.RepositoryConfigurationDelegate : Bootstrapping Spring Data JPA repositories in DEFAULT mode.
2024-12-27T01:15:06.650+05:30  INFO 25694 --- [secure] [restartedMain] .s.d.r.c.RepositoryConfigurationDelegate : Finished Spring Data repository scanning in 48 ms. Found 1 JPA repository interface.
2024-12-27T01:15:07.395+05:30  INFO 25694 --- [secure] [restartedMain] o.s.b.w.embedded.tomcat.TomcatWebServer  : Tomcat initialized with port 8082 (http)
2024-12-27T01:15:07.411+05:30  INFO 25694 --- [secure] [restartedMain] o.apache.catalina.core.StandardService   : Starting service [Tomcat]
2024-12-27T01:15:07.412+05:30  INFO 25694 --- [secure] [restartedMain] o.apache.catalina.core.StandardEngine    : Starting Servlet engine: [Apache Tomcat/10.1.34]
2024-12-27T01:15:07.461+05:30  INFO 25694 --- [secure] [restartedMain] o.a.c.c.C.[Tomcat].[localhost].[/]       : Initializing Spring embedded WebApplicationContext
2024-12-27T01:15:07.462+05:30  INFO 25694 --- [secure] [restartedMain] w.s.c.ServletWebServerApplicationContext : Root WebApplicationContext: initialization completed in 2063 ms
2024-12-27T01:15:07.653+05:30 DEBUG 25694 --- [secure] [restartedMain] o.s.w.f.ServerHttpObservationFilter      : Filter 'webMvcObservationFilter' configured for use
2024-12-27T01:15:07.802+05:30  INFO 25694 --- [secure] [restartedMain] o.hibernate.jpa.internal.util.LogHelper  : HHH000204: Processing PersistenceUnitInfo [name: default]
2024-12-27T01:15:07.872+05:30  INFO 25694 --- [secure] [restartedMain] org.hibernate.Version                    : HHH000412: Hibernate ORM core version 6.6.4.Final
2024-12-27T01:15:07.926+05:30  INFO 25694 --- [secure] [restartedMain] o.h.c.internal.RegionFactoryInitiator    : HHH000026: Second-level cache disabled
2024-12-27T01:15:08.211+05:30  INFO 25694 --- [secure] [restartedMain] o.s.o.j.p.SpringPersistenceUnitInfo      : No LoadTimeWeaver setup: ignoring JPA class transformer
2024-12-27T01:15:08.240+05:30  INFO 25694 --- [secure] [restartedMain] com.zaxxer.hikari.HikariDataSource       : HikariPool-1 - Starting...
2024-12-27T01:15:08.555+05:30  INFO 25694 --- [secure] [restartedMain] com.zaxxer.hikari.pool.HikariPool        : HikariPool-1 - Added connection com.mysql.cj.jdbc.ConnectionImpl@a4ae695
2024-12-27T01:15:08.557+05:30  INFO 25694 --- [secure] [restartedMain] com.zaxxer.hikari.HikariDataSource       : HikariPool-1 - Start completed.
2024-12-27T01:15:08.606+05:30  WARN 25694 --- [secure] [restartedMain] org.hibernate.orm.deprecation            : HHH90000025: MySQL8Dialect does not need to be specified explicitly using 'hibernate.dialect' (remove the property setting and it will be selected by default)
2024-12-27T01:15:08.608+05:30  WARN 25694 --- [secure] [restartedMain] org.hibernate.orm.deprecation            : HHH90000026: MySQL8Dialect has been deprecated; use org.hibernate.dialect.MySQLDialect instead
2024-12-27T01:15:08.625+05:30  INFO 25694 --- [secure] [restartedMain] org.hibernate.orm.connections.pooling    : HHH10001005: Database info:
	Database JDBC URL [Connecting through datasource 'HikariDataSource (HikariPool-1)']
	Database driver: undefined/unknown
	Database version: 8.0
	Autocommit mode: undefined/unknown
	Isolation level: undefined/unknown
	Minimum pool size: undefined/unknown
	Maximum pool size: undefined/unknown
2024-12-27T01:15:09.320+05:30  INFO 25694 --- [secure] [restartedMain] o.h.e.t.j.p.i.JtaPlatformInitiator       : HHH000489: No JTA platform available (set 'hibernate.transaction.jta.platform' to enable JTA platform integration)
2024-12-27T01:15:09.394+05:30  INFO 25694 --- [secure] [restartedMain] j.LocalContainerEntityManagerFactoryBean : Initialized JPA EntityManagerFactory for persistence unit 'default'
2024-12-27T01:15:09.767+05:30  WARN 25694 --- [secure] [restartedMain] ConfigServletWebServerApplicationContext : Exception encountered during context initialization - cancelling refresh attempt: org.springframework.beans.factory.UnsatisfiedDependencyException: Error creating bean with name 'securityConfig': Unsatisfied dependency expressed through field 'jwtFilter': No qualifying bean of type 'com.crm.secure.filter.JwtFilter' available: expected at least 1 bean which qualifies as autowire candidate. Dependency annotations: {@org.springframework.beans.factory.annotation.Autowired(required=true)}
2024-12-27T01:15:09.768+05:30  INFO 25694 --- [secure] [restartedMain] j.LocalContainerEntityManagerFactoryBean : Closing JPA EntityManagerFactory for persistence unit 'default'
2024-12-27T01:15:09.771+05:30  INFO 25694 --- [secure] [restartedMain] com.zaxxer.hikari.HikariDataSource       : HikariPool-1 - Shutdown initiated...
2024-12-27T01:15:09.786+05:30  INFO 25694 --- [secure] [restartedMain] com.zaxxer.hikari.HikariDataSource       : HikariPool-1 - Shutdown completed.
2024-12-27T01:15:09.790+05:30  INFO 25694 --- [secure] [restartedMain] o.apache.catalina.core.StandardService   : Stopping service [Tomcat]
2024-12-27T01:15:09.815+05:30  INFO 25694 --- [secure] [restartedMain] .s.b.a.l.ConditionEvaluationReportLogger : 

Error starting ApplicationContext. To display the condition evaluation report re-run your application with 'debug' enabled.
2024-12-27T01:15:09.842+05:30 ERROR 25694 --- [secure] [restartedMain] o.s.b.d.LoggingFailureAnalysisReporter   : 

***************************
APPLICATION FAILED TO START
***************************

Description:

Field jwtFilter in com.crm.secure.securityConfig.SecurityConfig required a bean of type 'com.crm.secure.filter.JwtFilter' that could not be found.

The injection point has the following annotations:
	- @org.springframework.beans.factory.annotation.Autowired(required=true)


Action:

Consider defining a bean of type 'com.crm.secure.filter.JwtFilter' in your configuration.

2024-12-27T01:25:46.596+05:30  INFO 37739 --- [secure] [restartedMain] com.crm.secure.SecureApplication         : Starting SecureApplication using Java 17.0.13 with PID 37739 (/home/pushpak/workspace/bunker/jaaaava/secure/target/classes started by pushpak in /home/pushpak/workspace/bunker/jaaaava/secure)
2024-12-27T01:25:46.599+05:30  INFO 37739 --- [secure] [restartedMain] com.crm.secure.SecureApplication         : No active profile set, falling back to 1 default profile: "default"
2024-12-27T01:25:46.650+05:30  INFO 37739 --- [secure] [restartedMain] .e.DevToolsPropertyDefaultsPostProcessor : Devtools property defaults active! Set 'spring.devtools.add-properties' to 'false' to disable
2024-12-27T01:25:46.651+05:30  INFO 37739 --- [secure] [restartedMain] .e.DevToolsPropertyDefaultsPostProcessor : For additional web related logging consider setting the 'logging.level.web' property to 'DEBUG'
2024-12-27T01:25:47.591+05:30  INFO 37739 --- [secure] [restartedMain] .s.d.r.c.RepositoryConfigurationDelegate : Bootstrapping Spring Data JPA repositories in DEFAULT mode.
2024-12-27T01:25:47.641+05:30  INFO 37739 --- [secure] [restartedMain] .s.d.r.c.RepositoryConfigurationDelegate : Finished Spring Data repository scanning in 41 ms. Found 1 JPA repository interface.
2024-12-27T01:25:48.337+05:30  INFO 37739 --- [secure] [restartedMain] o.s.b.w.embedded.tomcat.TomcatWebServer  : Tomcat initialized with port 8082 (http)
2024-12-27T01:25:48.354+05:30  INFO 37739 --- [secure] [restartedMain] o.apache.catalina.core.StandardService   : Starting service [Tomcat]
2024-12-27T01:25:48.354+05:30  INFO 37739 --- [secure] [restartedMain] o.apache.catalina.core.StandardEngine    : Starting Servlet engine: [Apache Tomcat/10.1.34]
2024-12-27T01:25:48.405+05:30  INFO 37739 --- [secure] [restartedMain] o.a.c.c.C.[Tomcat].[localhost].[/]       : Initializing Spring embedded WebApplicationContext
2024-12-27T01:25:48.406+05:30  INFO 37739 --- [secure] [restartedMain] w.s.c.ServletWebServerApplicationContext : Root WebApplicationContext: initialization completed in 1755 ms
2024-12-27T01:25:48.562+05:30 ERROR 37739 --- [secure] [restartedMain] o.s.b.web.embedded.tomcat.TomcatStarter  : Error starting Tomcat context. Exception: org.springframework.beans.factory.UnsatisfiedDependencyException. Message: Error creating bean with name 'jwtFilter': Unsatisfied dependency expressed through field 'jwtService': No qualifying bean of type 'com.crm.secure.service.JwtService' available: expected at least 1 bean which qualifies as autowire candidate. Dependency annotations: {@org.springframework.beans.factory.annotation.Autowired(required=true)}
2024-12-27T01:25:48.587+05:30  INFO 37739 --- [secure] [restartedMain] o.apache.catalina.core.StandardService   : Stopping service [Tomcat]
2024-12-27T01:25:48.602+05:30  WARN 37739 --- [secure] [restartedMain] ConfigServletWebServerApplicationContext : Exception encountered during context initialization - cancelling refresh attempt: org.springframework.context.ApplicationContextException: Unable to start web server
2024-12-27T01:25:48.617+05:30  INFO 37739 --- [secure] [restartedMain] .s.b.a.l.ConditionEvaluationReportLogger : 

Error starting ApplicationContext. To display the condition evaluation report re-run your application with 'debug' enabled.
2024-12-27T01:25:48.657+05:30 ERROR 37739 --- [secure] [restartedMain] o.s.b.d.LoggingFailureAnalysisReporter   : 

***************************
APPLICATION FAILED TO START
***************************

Description:

Field jwtService in com.crm.secure.filter.JwtFilter required a bean of type 'com.crm.secure.service.JwtService' that could not be found.

The injection point has the following annotations:
	- @org.springframework.beans.factory.annotation.Autowired(required=true)


Action:

Consider defining a bean of type 'com.crm.secure.service.JwtService' in your configuration.

2024-12-27T01:26:08.329+05:30  INFO 38290 --- [secure] [restartedMain] com.crm.secure.SecureApplication         : Starting SecureApplication using Java 17.0.13 with PID 38290 (/home/pushpak/workspace/bunker/jaaaava/secure/target/classes started by pushpak in /home/pushpak/workspace/bunker/jaaaava/secure)
2024-12-27T01:26:08.331+05:30  INFO 38290 --- [secure] [restartedMain] com.crm.secure.SecureApplication         : No active profile set, falling back to 1 default profile: "default"
2024-12-27T01:26:08.405+05:30  INFO 38290 --- [secure] [restartedMain] .e.DevToolsPropertyDefaultsPostProcessor : Devtools property defaults active! Set 'spring.devtools.add-properties' to 'false' to disable
2024-12-27T01:26:08.406+05:30  INFO 38290 --- [secure] [restartedMain] .e.DevToolsPropertyDefaultsPostProcessor : For additional web related logging consider setting the 'logging.level.web' property to 'DEBUG'
2024-12-27T01:26:09.242+05:30  INFO 38290 --- [secure] [restartedMain] .s.d.r.c.RepositoryConfigurationDelegate : Bootstrapping Spring Data JPA repositories in DEFAULT mode.
2024-12-27T01:26:09.296+05:30  INFO 38290 --- [secure] [restartedMain] .s.d.r.c.RepositoryConfigurationDelegate : Finished Spring Data repository scanning in 45 ms. Found 1 JPA repository interface.
2024-12-27T01:26:09.977+05:30  INFO 38290 --- [secure] [restartedMain] o.s.b.w.embedded.tomcat.TomcatWebServer  : Tomcat initialized with port 8082 (http)
2024-12-27T01:26:09.998+05:30  INFO 38290 --- [secure] [restartedMain] o.apache.catalina.core.StandardService   : Starting service [Tomcat]
2024-12-27T01:26:09.999+05:30  INFO 38290 --- [secure] [restartedMain] o.apache.catalina.core.StandardEngine    : Starting Servlet engine: [Apache Tomcat/10.1.34]
2024-12-27T01:26:10.061+05:30  INFO 38290 --- [secure] [restartedMain] o.a.c.c.C.[Tomcat].[localhost].[/]       : Initializing Spring embedded WebApplicationContext
2024-12-27T01:26:10.062+05:30  INFO 38290 --- [secure] [restartedMain] w.s.c.ServletWebServerApplicationContext : Root WebApplicationContext: initialization completed in 1655 ms
2024-12-27T01:26:10.282+05:30 DEBUG 38290 --- [secure] [restartedMain] o.s.w.f.ServerHttpObservationFilter      : Filter 'webMvcObservationFilter' configured for use
2024-12-27T01:26:10.416+05:30  INFO 38290 --- [secure] [restartedMain] o.hibernate.jpa.internal.util.LogHelper  : HHH000204: Processing PersistenceUnitInfo [name: default]
2024-12-27T01:26:10.457+05:30  INFO 38290 --- [secure] [restartedMain] org.hibernate.Version                    : HHH000412: Hibernate ORM core version 6.6.4.Final
2024-12-27T01:26:10.523+05:30  INFO 38290 --- [secure] [restartedMain] o.h.c.internal.RegionFactoryInitiator    : HHH000026: Second-level cache disabled
2024-12-27T01:26:10.737+05:30  INFO 38290 --- [secure] [restartedMain] o.s.o.j.p.SpringPersistenceUnitInfo      : No LoadTimeWeaver setup: ignoring JPA class transformer
2024-12-27T01:26:10.775+05:30  INFO 38290 --- [secure] [restartedMain] com.zaxxer.hikari.HikariDataSource       : HikariPool-1 - Starting...
2024-12-27T01:26:11.067+05:30  INFO 38290 --- [secure] [restartedMain] com.zaxxer.hikari.pool.HikariPool        : HikariPool-1 - Added connection com.mysql.cj.jdbc.ConnectionImpl@18310f6e
2024-12-27T01:26:11.069+05:30  INFO 38290 --- [secure] [restartedMain] com.zaxxer.hikari.HikariDataSource       : HikariPool-1 - Start completed.
2024-12-27T01:26:11.115+05:30  WARN 38290 --- [secure] [restartedMain] org.hibernate.orm.deprecation            : HHH90000025: MySQL8Dialect does not need to be specified explicitly using 'hibernate.dialect' (remove the property setting and it will be selected by default)
2024-12-27T01:26:11.116+05:30  WARN 38290 --- [secure] [restartedMain] org.hibernate.orm.deprecation            : HHH90000026: MySQL8Dialect has been deprecated; use org.hibernate.dialect.MySQLDialect instead
2024-12-27T01:26:11.137+05:30  INFO 38290 --- [secure] [restartedMain] org.hibernate.orm.connections.pooling    : HHH10001005: Database info:
	Database JDBC URL [Connecting through datasource 'HikariDataSource (HikariPool-1)']
	Database driver: undefined/unknown
	Database version: 8.0
	Autocommit mode: undefined/unknown
	Isolation level: undefined/unknown
	Minimum pool size: undefined/unknown
	Maximum pool size: undefined/unknown
2024-12-27T01:26:11.777+05:30  INFO 38290 --- [secure] [restartedMain] o.h.e.t.j.p.i.JtaPlatformInitiator       : HHH000489: No JTA platform available (set 'hibernate.transaction.jta.platform' to enable JTA platform integration)
2024-12-27T01:26:11.846+05:30  INFO 38290 --- [secure] [restartedMain] j.LocalContainerEntityManagerFactoryBean : Initialized JPA EntityManagerFactory for persistence unit 'default'
2024-12-27T01:26:12.262+05:30  WARN 38290 --- [secure] [restartedMain] JpaBaseConfiguration$JpaWebConfiguration : spring.jpa.open-in-view is enabled by default. Therefore, database queries may be performed during view rendering. Explicitly configure spring.jpa.open-in-view to disable this warning
2024-12-27T01:26:12.312+05:30  INFO 38290 --- [secure] [restartedMain] eAuthenticationProviderManagerConfigurer : Global AuthenticationManager configured with AuthenticationProvider bean with name authenticationProvider
2024-12-27T01:26:12.313+05:30  WARN 38290 --- [secure] [restartedMain] r$InitializeUserDetailsManagerConfigurer : Global AuthenticationManager configured with an AuthenticationProvider bean. UserDetailsService beans will not be used by Spring Security for automatically configuring username/password login. Consider removing the AuthenticationProvider bean. Alternatively, consider using the UserDetailsService in a manually instantiated DaoAuthenticationProvider. If the current configuration is intentional, to turn off this warning, increase the logging level of 'org.springframework.security.config.annotation.authentication.configuration.InitializeUserDetailsBeanManagerConfigurer' to ERROR
2024-12-27T01:26:12.473+05:30 DEBUG 38290 --- [secure] [restartedMain] s.w.s.m.m.a.RequestMappingHandlerMapping : 3 mappings in 'requestMappingHandlerMapping'
2024-12-27T01:26:12.600+05:30 DEBUG 38290 --- [secure] [restartedMain] o.s.w.s.handler.SimpleUrlHandlerMapping  : Patterns [/webjars/**, /**] in 'resourceHandlerMapping'
2024-12-27T01:26:12.863+05:30  INFO 38290 --- [secure] [restartedMain] o.s.b.a.e.web.EndpointLinksResolver      : Exposing 1 endpoint beneath base path '/actuator'
2024-12-27T01:26:12.957+05:30 DEBUG 38290 --- [secure] [restartedMain] o.s.s.web.DefaultSecurityFilterChain     : Will secure any request with filters: DisableEncodeUrlFilter, WebAsyncManagerIntegrationFilter, SecurityContextHolderFilter, HeaderWriterFilter, LogoutFilter, UsernamePasswordAuthenticationFilter, DefaultResourcesFilter, DefaultLoginPageGeneratingFilter, DefaultLogoutPageGeneratingFilter, RequestCacheAwareFilter, SecurityContextHolderAwareRequestFilter, AnonymousAuthenticationFilter, ExceptionTranslationFilter, AuthorizationFilter
2024-12-27T01:26:13.046+05:30 DEBUG 38290 --- [secure] [restartedMain] s.w.s.m.m.a.RequestMappingHandlerAdapter : ControllerAdvice beans: 0 @ModelAttribute, 0 @InitBinder, 1 RequestBodyAdvice, 1 ResponseBodyAdvice
2024-12-27T01:26:13.093+05:30 DEBUG 38290 --- [secure] [restartedMain] .m.m.a.ExceptionHandlerExceptionResolver : ControllerAdvice beans: 0 @ExceptionHandler, 1 ResponseBodyAdvice
2024-12-27T01:26:13.340+05:30  INFO 38290 --- [secure] [restartedMain] o.s.b.d.a.OptionalLiveReloadServer       : LiveReload server is running on port 35729
2024-12-27T01:26:13.424+05:30  INFO 38290 --- [secure] [restartedMain] o.s.b.w.embedded.tomcat.TomcatWebServer  : Tomcat started on port 8082 (http) with context path '/'
2024-12-27T01:26:13.440+05:30  INFO 38290 --- [secure] [restartedMain] com.crm.secure.SecureApplication         : Started SecureApplication in 5.525 seconds (process running for 6.0)
2024-12-27T01:26:14.263+05:30  INFO 38290 --- [secure] [RMI TCP Connection(2)-127.0.0.1] o.a.c.c.C.[Tomcat].[localhost].[/]       : Initializing Spring DispatcherServlet 'dispatcherServlet'
2024-12-27T01:26:14.264+05:30  INFO 38290 --- [secure] [RMI TCP Connection(2)-127.0.0.1] o.s.web.servlet.DispatcherServlet        : Initializing Servlet 'dispatcherServlet'
2024-12-27T01:26:14.265+05:30 DEBUG 38290 --- [secure] [RMI TCP Connection(2)-127.0.0.1] o.s.web.servlet.DispatcherServlet        : Detected StandardServletMultipartResolver
2024-12-27T01:26:14.266+05:30 DEBUG 38290 --- [secure] [RMI TCP Connection(2)-127.0.0.1] o.s.web.servlet.DispatcherServlet        : Detected AcceptHeaderLocaleResolver
2024-12-27T01:26:14.266+05:30 DEBUG 38290 --- [secure] [RMI TCP Connection(2)-127.0.0.1] o.s.web.servlet.DispatcherServlet        : Detected FixedThemeResolver
2024-12-27T01:26:14.268+05:30 DEBUG 38290 --- [secure] [RMI TCP Connection(2)-127.0.0.1] o.s.web.servlet.DispatcherServlet        : Detected org.springframework.web.servlet.view.DefaultRequestToViewNameTranslator@42a6c8c2
2024-12-27T01:26:14.269+05:30 DEBUG 38290 --- [secure] [RMI TCP Connection(2)-127.0.0.1] o.s.web.servlet.DispatcherServlet        : Detected org.springframework.web.servlet.support.SessionFlashMapManager@7ad2fc03
2024-12-27T01:26:14.270+05:30 DEBUG 38290 --- [secure] [RMI TCP Connection(2)-127.0.0.1] o.s.web.servlet.DispatcherServlet        : enableLoggingRequestDetails='true': request parameters and headers will be shown which may lead to unsafe logging of potentially sensitive data
2024-12-27T01:26:14.271+05:30  INFO 38290 --- [secure] [RMI TCP Connection(2)-127.0.0.1] o.s.web.servlet.DispatcherServlet        : Completed initialization in 5 ms
2024-12-27T01:26:25.813+05:30 DEBUG 38290 --- [secure] [http-nio-8082-exec-1] o.s.security.web.FilterChainProxy        : Securing GET /users/all
2024-12-27T01:26:25.827+05:30 DEBUG 38290 --- [secure] [http-nio-8082-exec-1] o.s.s.w.a.AnonymousAuthenticationFilter  : Set SecurityContextHolder to anonymous SecurityContext
2024-12-27T01:26:25.845+05:30 DEBUG 38290 --- [secure] [http-nio-8082-exec-1] o.s.s.w.s.HttpSessionRequestCache        : Saved request http://localhost:8082/users/all?continue to session
2024-12-27T01:26:25.847+05:30 DEBUG 38290 --- [secure] [http-nio-8082-exec-1] o.s.s.web.DefaultRedirectStrategy        : Redirecting to http://localhost:8082/login
2024-12-27T01:26:25.863+05:30 DEBUG 38290 --- [secure] [http-nio-8082-exec-2] o.s.security.web.FilterChainProxy        : Securing GET /login
2024-12-27T01:26:25.996+05:30 DEBUG 38290 --- [secure] [http-nio-8082-exec-3] o.s.security.web.FilterChainProxy        : Securing GET /default-ui.css
2024-12-27T01:26:26.074+05:30 DEBUG 38290 --- [secure] [http-nio-8082-exec-4] o.s.security.web.FilterChainProxy        : Securing GET /favicon.ico
2024-12-27T01:26:26.076+05:30 DEBUG 38290 --- [secure] [http-nio-8082-exec-4] o.s.s.w.a.AnonymousAuthenticationFilter  : Set SecurityContextHolder to anonymous SecurityContext
2024-12-27T01:26:26.076+05:30 DEBUG 38290 --- [secure] [http-nio-8082-exec-4] o.s.s.web.DefaultRedirectStrategy        : Redirecting to http://localhost:8082/login
2024-12-27T01:26:26.084+05:30 DEBUG 38290 --- [secure] [http-nio-8082-exec-5] o.s.security.web.FilterChainProxy        : Securing GET /login
2024-12-27T01:27:35.584+05:30 DEBUG 38290 --- [secure] [http-nio-8082-exec-7] o.s.security.web.FilterChainProxy        : Securing POST /login
2024-12-27T01:27:36.325+05:30 DEBUG 38290 --- [secure] [http-nio-8082-exec-7] o.s.s.a.dao.DaoAuthenticationProvider    : Authenticated user
2024-12-27T01:27:36.328+05:30 DEBUG 38290 --- [secure] [http-nio-8082-exec-7] .s.ChangeSessionIdAuthenticationStrategy : Changed session id from 01EEFC44EF6023FBE2850ECC92DDF2DC
2024-12-27T01:27:36.329+05:30 DEBUG 38290 --- [secure] [http-nio-8082-exec-7] w.c.HttpSessionSecurityContextRepository : Stored SecurityContextImpl [Authentication=UsernamePasswordAuthenticationToken [Principal=com.crm.secure.model.CustomUserDetails@b2d24f5, Credentials=[PROTECTED], Authenticated=true, Details=WebAuthenticationDetails [RemoteIpAddress=0:0:0:0:0:0:0:1, SessionId=01EEFC44EF6023FBE2850ECC92DDF2DC], Granted Authorities=[USER]]] to HttpSession [org.apache.catalina.session.StandardSessionFacade@1f9ee1d0]
2024-12-27T01:27:36.329+05:30 DEBUG 38290 --- [secure] [http-nio-8082-exec-7] w.a.UsernamePasswordAuthenticationFilter : Set SecurityContextHolder to UsernamePasswordAuthenticationToken [Principal=com.crm.secure.model.CustomUserDetails@b2d24f5, Credentials=[PROTECTED], Authenticated=true, Details=WebAuthenticationDetails [RemoteIpAddress=0:0:0:0:0:0:0:1, SessionId=01EEFC44EF6023FBE2850ECC92DDF2DC], Granted Authorities=[USER]]
2024-12-27T01:27:36.329+05:30 DEBUG 38290 --- [secure] [http-nio-8082-exec-7] o.s.s.web.DefaultRedirectStrategy        : Redirecting to http://localhost:8082/users/all?continue
2024-12-27T01:27:36.359+05:30 DEBUG 38290 --- [secure] [http-nio-8082-exec-8] o.s.security.web.FilterChainProxy        : Securing GET /users/all?continue
2024-12-27T01:27:36.379+05:30 DEBUG 38290 --- [secure] [http-nio-8082-exec-8] o.s.s.w.s.HttpSessionRequestCache        : Loaded matching saved request http://localhost:8082/users/all?continue
2024-12-27T01:27:36.380+05:30 DEBUG 38290 --- [secure] [http-nio-8082-exec-8] w.c.HttpSessionSecurityContextRepository : Retrieved SecurityContextImpl [Authentication=UsernamePasswordAuthenticationToken [Principal=com.crm.secure.model.CustomUserDetails@b2d24f5, Credentials=[PROTECTED], Authenticated=true, Details=WebAuthenticationDetails [RemoteIpAddress=0:0:0:0:0:0:0:1, SessionId=01EEFC44EF6023FBE2850ECC92DDF2DC], Granted Authorities=[USER]]]
2024-12-27T01:27:36.395+05:30 DEBUG 38290 --- [secure] [http-nio-8082-exec-8] o.s.security.web.FilterChainProxy        : Secured GET /users/all?continue
2024-12-27T01:27:36.458+05:30 DEBUG 38290 --- [secure] [http-nio-8082-exec-9] o.s.security.web.FilterChainProxy        : Securing GET /favicon.ico
2024-12-27T01:27:36.459+05:30 DEBUG 38290 --- [secure] [http-nio-8082-exec-9] w.c.HttpSessionSecurityContextRepository : Retrieved SecurityContextImpl [Authentication=UsernamePasswordAuthenticationToken [Principal=com.crm.secure.model.CustomUserDetails@b2d24f5, Credentials=[PROTECTED], Authenticated=true, Details=WebAuthenticationDetails [RemoteIpAddress=0:0:0:0:0:0:0:1, SessionId=01EEFC44EF6023FBE2850ECC92DDF2DC], Granted Authorities=[USER]]]
2024-12-27T01:27:36.460+05:30 DEBUG 38290 --- [secure] [http-nio-8082-exec-9] o.s.security.web.FilterChainProxy        : Secured GET /favicon.ico
2024-12-27T01:27:43.545+05:30 DEBUG 38290 --- [secure] [http-nio-8082-exec-10] o.s.security.web.FilterChainProxy        : Securing GET /users/all
2024-12-27T01:27:43.546+05:30 DEBUG 38290 --- [secure] [http-nio-8082-exec-10] w.c.HttpSessionSecurityContextRepository : Retrieved SecurityContextImpl [Authentication=UsernamePasswordAuthenticationToken [Principal=com.crm.secure.model.CustomUserDetails@b2d24f5, Credentials=[PROTECTED], Authenticated=true, Details=WebAuthenticationDetails [RemoteIpAddress=0:0:0:0:0:0:0:1, SessionId=01EEFC44EF6023FBE2850ECC92DDF2DC], Granted Authorities=[USER]]]
2024-12-27T01:27:43.547+05:30 DEBUG 38290 --- [secure] [http-nio-8082-exec-10] o.s.security.web.FilterChainProxy        : Secured GET /users/all
2024-12-27T01:27:43.605+05:30 DEBUG 38290 --- [secure] [http-nio-8082-exec-1] o.s.security.web.FilterChainProxy        : Securing GET /favicon.ico
2024-12-27T01:27:43.606+05:30 DEBUG 38290 --- [secure] [http-nio-8082-exec-1] w.c.HttpSessionSecurityContextRepository : Retrieved SecurityContextImpl [Authentication=UsernamePasswordAuthenticationToken [Principal=com.crm.secure.model.CustomUserDetails@b2d24f5, Credentials=[PROTECTED], Authenticated=true, Details=WebAuthenticationDetails [RemoteIpAddress=0:0:0:0:0:0:0:1, SessionId=01EEFC44EF6023FBE2850ECC92DDF2DC], Granted Authorities=[USER]]]
2024-12-27T01:27:43.607+05:30 DEBUG 38290 --- [secure] [http-nio-8082-exec-1] o.s.security.web.FilterChainProxy        : Secured GET /favicon.ico
2024-12-27T01:27:57.343+05:30 DEBUG 38290 --- [secure] [http-nio-8082-exec-2] o.s.security.web.FilterChainProxy        : Securing GET /users/all
2024-12-27T01:27:57.344+05:30 DEBUG 38290 --- [secure] [http-nio-8082-exec-2] w.c.HttpSessionSecurityContextRepository : Retrieved SecurityContextImpl [Authentication=UsernamePasswordAuthenticationToken [Principal=com.crm.secure.model.CustomUserDetails@b2d24f5, Credentials=[PROTECTED], Authenticated=true, Details=WebAuthenticationDetails [RemoteIpAddress=0:0:0:0:0:0:0:1, SessionId=01EEFC44EF6023FBE2850ECC92DDF2DC], Granted Authorities=[USER]]]
2024-12-27T01:27:57.345+05:30 DEBUG 38290 --- [secure] [http-nio-8082-exec-2] o.s.security.web.FilterChainProxy        : Secured GET /users/all
2024-12-27T01:27:57.439+05:30 DEBUG 38290 --- [secure] [http-nio-8082-exec-3] o.s.security.web.FilterChainProxy        : Securing GET /favicon.ico
2024-12-27T01:27:57.441+05:30 DEBUG 38290 --- [secure] [http-nio-8082-exec-3] w.c.HttpSessionSecurityContextRepository : Retrieved SecurityContextImpl [Authentication=UsernamePasswordAuthenticationToken [Principal=com.crm.secure.model.CustomUserDetails@b2d24f5, Credentials=[PROTECTED], Authenticated=true, Details=WebAuthenticationDetails [RemoteIpAddress=0:0:0:0:0:0:0:1, SessionId=01EEFC44EF6023FBE2850ECC92DDF2DC], Granted Authorities=[USER]]]
2024-12-27T01:27:57.441+05:30 DEBUG 38290 --- [secure] [http-nio-8082-exec-3] o.s.security.web.FilterChainProxy        : Secured GET /favicon.ico
2024-12-27T01:29:50.979+05:30  INFO 38290 --- [secure] [File Watcher] rtingClassPathChangeChangedEventListener : Restarting due to 1 class path change (0 additions, 0 deletions, 1 modification)
2024-12-27T01:29:50.987+05:30  INFO 38290 --- [secure] [Thread-5] o.s.b.w.e.tomcat.GracefulShutdown        : Commencing graceful shutdown. Waiting for active requests to complete
2024-12-27T01:29:50.990+05:30  INFO 38290 --- [secure] [tomcat-shutdown] o.s.b.w.e.tomcat.GracefulShutdown        : Graceful shutdown complete
2024-12-27T01:29:51.000+05:30  INFO 38290 --- [secure] [Thread-5] j.LocalContainerEntityManagerFactoryBean : Closing JPA EntityManagerFactory for persistence unit 'default'
2024-12-27T01:29:51.011+05:30  INFO 38290 --- [secure] [Thread-5] com.zaxxer.hikari.HikariDataSource       : HikariPool-1 - Shutdown initiated...
2024-12-27T01:29:51.038+05:30  INFO 38290 --- [secure] [Thread-5] com.zaxxer.hikari.HikariDataSource       : HikariPool-1 - Shutdown completed.
2024-12-27T01:29:51.143+05:30  INFO 38290 --- [secure] [restartedMain] com.crm.secure.SecureApplication         : Starting SecureApplication using Java 17.0.13 with PID 38290 (/home/pushpak/workspace/bunker/jaaaava/secure/target/classes started by pushpak in /home/pushpak/workspace/bunker/jaaaava/secure)
2024-12-27T01:29:51.143+05:30  INFO 38290 --- [secure] [restartedMain] com.crm.secure.SecureApplication         : No active profile set, falling back to 1 default profile: "default"
2024-12-27T01:29:51.338+05:30  INFO 38290 --- [secure] [restartedMain] .s.d.r.c.RepositoryConfigurationDelegate : Bootstrapping Spring Data JPA repositories in DEFAULT mode.
2024-12-27T01:29:51.347+05:30  INFO 38290 --- [secure] [restartedMain] .s.d.r.c.RepositoryConfigurationDelegate : Finished Spring Data repository scanning in 7 ms. Found 1 JPA repository interface.
2024-12-27T01:29:51.483+05:30  INFO 38290 --- [secure] [restartedMain] o.s.b.w.embedded.tomcat.TomcatWebServer  : Tomcat initialized with port 8082 (http)
2024-12-27T01:29:51.483+05:30  INFO 38290 --- [secure] [restartedMain] o.apache.catalina.core.StandardService   : Starting service [Tomcat]
2024-12-27T01:29:51.484+05:30  INFO 38290 --- [secure] [restartedMain] o.apache.catalina.core.StandardEngine    : Starting Servlet engine: [Apache Tomcat/10.1.34]
2024-12-27T01:29:51.490+05:30  INFO 38290 --- [secure] [restartedMain] o.a.c.c.C.[Tomcat].[localhost].[/]       : Initializing Spring embedded WebApplicationContext
2024-12-27T01:29:51.491+05:30  INFO 38290 --- [secure] [restartedMain] w.s.c.ServletWebServerApplicationContext : Root WebApplicationContext: initialization completed in 345 ms
2024-12-27T01:29:51.550+05:30  WARN 38290 --- [secure] [restartedMain] o.a.c.c.C.[Tomcat].[localhost].[/]       : Cannot deserialize session attribute [SPRING_SECURITY_CONTEXT] for session [AEBB3A23E51095B74CABAABF514CFB49]
2024-12-27T01:29:51.550+05:30 DEBUG 38290 --- [secure] [restartedMain] o.s.w.f.ServerHttpObservationFilter      : Filter 'webMvcObservationFilter' configured for use
2024-12-27T01:29:51.582+05:30  INFO 38290 --- [secure] [restartedMain] o.hibernate.jpa.internal.util.LogHelper  : HHH000204: Processing PersistenceUnitInfo [name: default]
2024-12-27T01:29:51.583+05:30  INFO 38290 --- [secure] [restartedMain] o.h.c.internal.RegionFactoryInitiator    : HHH000026: Second-level cache disabled
2024-12-27T01:29:51.593+05:30  INFO 38290 --- [secure] [restartedMain] o.s.o.j.p.SpringPersistenceUnitInfo      : No LoadTimeWeaver setup: ignoring JPA class transformer
2024-12-27T01:29:51.594+05:30  INFO 38290 --- [secure] [restartedMain] com.zaxxer.hikari.HikariDataSource       : HikariPool-2 - Starting...
2024-12-27T01:29:51.612+05:30  INFO 38290 --- [secure] [restartedMain] com.zaxxer.hikari.pool.HikariPool        : HikariPool-2 - Added connection com.mysql.cj.jdbc.ConnectionImpl@77da0681
2024-12-27T01:29:51.612+05:30  INFO 38290 --- [secure] [restartedMain] com.zaxxer.hikari.HikariDataSource       : HikariPool-2 - Start completed.
2024-12-27T01:29:51.613+05:30  WARN 38290 --- [secure] [restartedMain] org.hibernate.orm.deprecation            : HHH90000025: MySQL8Dialect does not need to be specified explicitly using 'hibernate.dialect' (remove the property setting and it will be selected by default)
2024-12-27T01:29:51.613+05:30  WARN 38290 --- [secure] [restartedMain] org.hibernate.orm.deprecation            : HHH90000026: MySQL8Dialect has been deprecated; use org.hibernate.dialect.MySQLDialect instead
2024-12-27T01:29:51.613+05:30  INFO 38290 --- [secure] [restartedMain] org.hibernate.orm.connections.pooling    : HHH10001005: Database info:
	Database JDBC URL [Connecting through datasource 'HikariDataSource (HikariPool-2)']
	Database driver: undefined/unknown
	Database version: 8.0
	Autocommit mode: undefined/unknown
	Isolation level: undefined/unknown
	Minimum pool size: undefined/unknown
	Maximum pool size: undefined/unknown
2024-12-27T01:29:51.643+05:30  INFO 38290 --- [secure] [restartedMain] o.h.e.t.j.p.i.JtaPlatformInitiator       : HHH000489: No JTA platform available (set 'hibernate.transaction.jta.platform' to enable JTA platform integration)
2024-12-27T01:29:51.650+05:30  INFO 38290 --- [secure] [restartedMain] j.LocalContainerEntityManagerFactoryBean : Initialized JPA EntityManagerFactory for persistence unit 'default'
2024-12-27T01:29:51.731+05:30  WARN 38290 --- [secure] [restartedMain] JpaBaseConfiguration$JpaWebConfiguration : spring.jpa.open-in-view is enabled by default. Therefore, database queries may be performed during view rendering. Explicitly configure spring.jpa.open-in-view to disable this warning
2024-12-27T01:29:51.757+05:30  INFO 38290 --- [secure] [restartedMain] eAuthenticationProviderManagerConfigurer : Global AuthenticationManager configured with AuthenticationProvider bean with name authenticationProvider
2024-12-27T01:29:51.758+05:30  WARN 38290 --- [secure] [restartedMain] r$InitializeUserDetailsManagerConfigurer : Global AuthenticationManager configured with an AuthenticationProvider bean. UserDetailsService beans will not be used by Spring Security for automatically configuring username/password login. Consider removing the AuthenticationProvider bean. Alternatively, consider using the UserDetailsService in a manually instantiated DaoAuthenticationProvider. If the current configuration is intentional, to turn off this warning, increase the logging level of 'org.springframework.security.config.annotation.authentication.configuration.InitializeUserDetailsBeanManagerConfigurer' to ERROR
2024-12-27T01:29:51.814+05:30 DEBUG 38290 --- [secure] [restartedMain] s.w.s.m.m.a.RequestMappingHandlerMapping : 4 mappings in 'requestMappingHandlerMapping'
2024-12-27T01:29:51.934+05:30 DEBUG 38290 --- [secure] [restartedMain] o.s.w.s.handler.SimpleUrlHandlerMapping  : Patterns [/webjars/**, /**] in 'resourceHandlerMapping'
2024-12-27T01:29:52.097+05:30  INFO 38290 --- [secure] [restartedMain] o.s.b.a.e.web.EndpointLinksResolver      : Exposing 1 endpoint beneath base path '/actuator'
2024-12-27T01:29:52.142+05:30 DEBUG 38290 --- [secure] [restartedMain] o.s.s.web.DefaultSecurityFilterChain     : Will secure any request with filters: DisableEncodeUrlFilter, WebAsyncManagerIntegrationFilter, SecurityContextHolderFilter, HeaderWriterFilter, LogoutFilter, UsernamePasswordAuthenticationFilter, DefaultResourcesFilter, DefaultLoginPageGeneratingFilter, DefaultLogoutPageGeneratingFilter, RequestCacheAwareFilter, SecurityContextHolderAwareRequestFilter, AnonymousAuthenticationFilter, ExceptionTranslationFilter, AuthorizationFilter
2024-12-27T01:29:52.232+05:30 DEBUG 38290 --- [secure] [restartedMain] s.w.s.m.m.a.RequestMappingHandlerAdapter : ControllerAdvice beans: 0 @ModelAttribute, 0 @InitBinder, 1 RequestBodyAdvice, 1 ResponseBodyAdvice
2024-12-27T01:29:52.252+05:30 DEBUG 38290 --- [secure] [restartedMain] .m.m.a.ExceptionHandlerExceptionResolver : ControllerAdvice beans: 0 @ExceptionHandler, 1 ResponseBodyAdvice
2024-12-27T01:29:52.379+05:30  INFO 38290 --- [secure] [restartedMain] o.s.b.d.a.OptionalLiveReloadServer       : LiveReload server is running on port 35729
2024-12-27T01:29:52.401+05:30  INFO 38290 --- [secure] [restartedMain] o.s.b.w.embedded.tomcat.TomcatWebServer  : Tomcat started on port 8082 (http) with context path '/'
2024-12-27T01:29:52.407+05:30  INFO 38290 --- [secure] [restartedMain] com.crm.secure.SecureApplication         : Started SecureApplication in 1.287 seconds (process running for 224.979)
2024-12-27T01:29:52.411+05:30  INFO 38290 --- [secure] [restartedMain] .ConditionEvaluationDeltaLoggingListener : Condition evaluation unchanged
2024-12-27T01:29:58.609+05:30  INFO 38290 --- [secure] [http-nio-8082-exec-1] o.a.c.c.C.[Tomcat].[localhost].[/]       : Initializing Spring DispatcherServlet 'dispatcherServlet'
2024-12-27T01:29:58.610+05:30  INFO 38290 --- [secure] [http-nio-8082-exec-1] o.s.web.servlet.DispatcherServlet        : Initializing Servlet 'dispatcherServlet'
2024-12-27T01:29:58.610+05:30 DEBUG 38290 --- [secure] [http-nio-8082-exec-1] o.s.web.servlet.DispatcherServlet        : Detected StandardServletMultipartResolver
2024-12-27T01:29:58.610+05:30 DEBUG 38290 --- [secure] [http-nio-8082-exec-1] o.s.web.servlet.DispatcherServlet        : Detected AcceptHeaderLocaleResolver
2024-12-27T01:29:58.610+05:30 DEBUG 38290 --- [secure] [http-nio-8082-exec-1] o.s.web.servlet.DispatcherServlet        : Detected FixedThemeResolver
2024-12-27T01:29:58.612+05:30 DEBUG 38290 --- [secure] [http-nio-8082-exec-1] o.s.web.servlet.DispatcherServlet        : Detected org.springframework.web.servlet.view.DefaultRequestToViewNameTranslator@eda0f17
2024-12-27T01:29:58.613+05:30 DEBUG 38290 --- [secure] [http-nio-8082-exec-1] o.s.web.servlet.DispatcherServlet        : Detected org.springframework.web.servlet.support.SessionFlashMapManager@123cdfd3
2024-12-27T01:29:58.613+05:30 DEBUG 38290 --- [secure] [http-nio-8082-exec-1] o.s.web.servlet.DispatcherServlet        : enableLoggingRequestDetails='true': request parameters and headers will be shown which may lead to unsafe logging of potentially sensitive data
2024-12-27T01:29:58.613+05:30  INFO 38290 --- [secure] [http-nio-8082-exec-1] o.s.web.servlet.DispatcherServlet        : Completed initialization in 3 ms
2024-12-27T01:29:58.615+05:30 DEBUG 38290 --- [secure] [http-nio-8082-exec-1] o.s.security.web.FilterChainProxy        : Securing GET /test
2024-12-27T01:29:58.617+05:30 DEBUG 38290 --- [secure] [http-nio-8082-exec-1] o.s.s.w.a.AnonymousAuthenticationFilter  : Set SecurityContextHolder to anonymous SecurityContext
2024-12-27T01:29:58.621+05:30 DEBUG 38290 --- [secure] [http-nio-8082-exec-1] o.s.s.w.s.HttpSessionRequestCache        : Saved request http://localhost:8082/test?continue to session
2024-12-27T01:29:58.622+05:30 DEBUG 38290 --- [secure] [http-nio-8082-exec-1] o.s.s.web.DefaultRedirectStrategy        : Redirecting to http://localhost:8082/login
2024-12-27T01:29:58.646+05:30 DEBUG 38290 --- [secure] [http-nio-8082-exec-2] o.s.security.web.FilterChainProxy        : Securing GET /login
2024-12-27T01:29:58.670+05:30 DEBUG 38290 --- [secure] [http-nio-8082-exec-3] o.s.security.web.FilterChainProxy        : Securing GET /default-ui.css
2024-12-27T01:29:58.733+05:30 DEBUG 38290 --- [secure] [http-nio-8082-exec-4] o.s.security.web.FilterChainProxy        : Securing GET /favicon.ico
2024-12-27T01:29:58.734+05:30 DEBUG 38290 --- [secure] [http-nio-8082-exec-4] o.s.s.w.a.AnonymousAuthenticationFilter  : Set SecurityContextHolder to anonymous SecurityContext
2024-12-27T01:29:58.735+05:30 DEBUG 38290 --- [secure] [http-nio-8082-exec-4] o.s.s.web.DefaultRedirectStrategy        : Redirecting to http://localhost:8082/login
2024-12-27T01:29:58.751+05:30 DEBUG 38290 --- [secure] [http-nio-8082-exec-5] o.s.security.web.FilterChainProxy        : Securing GET /login
2024-12-27T01:30:04.046+05:30 DEBUG 38290 --- [secure] [http-nio-8082-exec-7] o.s.security.web.FilterChainProxy        : Securing POST /login
2024-12-27T01:30:04.600+05:30 DEBUG 38290 --- [secure] [http-nio-8082-exec-7] o.s.s.a.dao.DaoAuthenticationProvider    : Failed to authenticate since password does not match stored value
2024-12-27T01:30:04.601+05:30 DEBUG 38290 --- [secure] [http-nio-8082-exec-7] o.s.s.web.DefaultRedirectStrategy        : Redirecting to /login?error
2024-12-27T01:30:04.615+05:30 DEBUG 38290 --- [secure] [http-nio-8082-exec-8] o.s.security.web.FilterChainProxy        : Securing GET /login?error
2024-12-27T01:30:04.684+05:30 DEBUG 38290 --- [secure] [http-nio-8082-exec-9] o.s.security.web.FilterChainProxy        : Securing GET /default-ui.css
2024-12-27T01:30:04.734+05:30 DEBUG 38290 --- [secure] [http-nio-8082-exec-10] o.s.security.web.FilterChainProxy        : Securing GET /favicon.ico
2024-12-27T01:30:04.735+05:30 DEBUG 38290 --- [secure] [http-nio-8082-exec-10] o.s.s.w.a.AnonymousAuthenticationFilter  : Set SecurityContextHolder to anonymous SecurityContext
2024-12-27T01:30:04.736+05:30 DEBUG 38290 --- [secure] [http-nio-8082-exec-10] o.s.s.web.DefaultRedirectStrategy        : Redirecting to http://localhost:8082/login
2024-12-27T01:30:04.747+05:30 DEBUG 38290 --- [secure] [http-nio-8082-exec-1] o.s.security.web.FilterChainProxy        : Securing GET /login
2024-12-27T01:30:09.628+05:30 DEBUG 38290 --- [secure] [http-nio-8082-exec-2] o.s.security.web.FilterChainProxy        : Securing POST /login
2024-12-27T01:30:09.899+05:30 DEBUG 38290 --- [secure] [http-nio-8082-exec-2] o.s.s.a.dao.DaoAuthenticationProvider    : Authenticated user
2024-12-27T01:30:09.902+05:30 DEBUG 38290 --- [secure] [http-nio-8082-exec-2] .s.ChangeSessionIdAuthenticationStrategy : Changed session id from AEBB3A23E51095B74CABAABF514CFB49
2024-12-27T01:30:09.902+05:30 DEBUG 38290 --- [secure] [http-nio-8082-exec-2] w.c.HttpSessionSecurityContextRepository : Stored SecurityContextImpl [Authentication=UsernamePasswordAuthenticationToken [Principal=com.crm.secure.model.CustomUserDetails@6f67127c, Credentials=[PROTECTED], Authenticated=true, Details=WebAuthenticationDetails [RemoteIpAddress=0:0:0:0:0:0:0:1, SessionId=AEBB3A23E51095B74CABAABF514CFB49], Granted Authorities=[USER]]] to HttpSession [org.apache.catalina.session.StandardSessionFacade@4ea38cb]
2024-12-27T01:30:09.902+05:30 DEBUG 38290 --- [secure] [http-nio-8082-exec-2] w.a.UsernamePasswordAuthenticationFilter : Set SecurityContextHolder to UsernamePasswordAuthenticationToken [Principal=com.crm.secure.model.CustomUserDetails@6f67127c, Credentials=[PROTECTED], Authenticated=true, Details=WebAuthenticationDetails [RemoteIpAddress=0:0:0:0:0:0:0:1, SessionId=AEBB3A23E51095B74CABAABF514CFB49], Granted Authorities=[USER]]
2024-12-27T01:30:09.903+05:30 DEBUG 38290 --- [secure] [http-nio-8082-exec-2] o.s.s.web.DefaultRedirectStrategy        : Redirecting to http://localhost:8082/test?continue
2024-12-27T01:30:09.914+05:30 DEBUG 38290 --- [secure] [http-nio-8082-exec-3] o.s.security.web.FilterChainProxy        : Securing GET /test?continue
2024-12-27T01:30:09.915+05:30 DEBUG 38290 --- [secure] [http-nio-8082-exec-3] o.s.s.w.s.HttpSessionRequestCache        : Loaded matching saved request http://localhost:8082/test?continue
2024-12-27T01:30:09.915+05:30 DEBUG 38290 --- [secure] [http-nio-8082-exec-3] w.c.HttpSessionSecurityContextRepository : Retrieved SecurityContextImpl [Authentication=UsernamePasswordAuthenticationToken [Principal=com.crm.secure.model.CustomUserDetails@6f67127c, Credentials=[PROTECTED], Authenticated=true, Details=WebAuthenticationDetails [RemoteIpAddress=0:0:0:0:0:0:0:1, SessionId=AEBB3A23E51095B74CABAABF514CFB49], Granted Authorities=[USER]]]
2024-12-27T01:30:09.916+05:30 DEBUG 38290 --- [secure] [http-nio-8082-exec-3] o.s.security.web.FilterChainProxy        : Secured GET /test?continue
2024-12-27T01:30:10.005+05:30 DEBUG 38290 --- [secure] [http-nio-8082-exec-4] o.s.security.web.FilterChainProxy        : Securing GET /favicon.ico
2024-12-27T01:30:10.006+05:30 DEBUG 38290 --- [secure] [http-nio-8082-exec-4] w.c.HttpSessionSecurityContextRepository : Retrieved SecurityContextImpl [Authentication=UsernamePasswordAuthenticationToken [Principal=com.crm.secure.model.CustomUserDetails@6f67127c, Credentials=[PROTECTED], Authenticated=true, Details=WebAuthenticationDetails [RemoteIpAddress=0:0:0:0:0:0:0:1, SessionId=AEBB3A23E51095B74CABAABF514CFB49], Granted Authorities=[USER]]]
2024-12-27T01:30:10.007+05:30 DEBUG 38290 --- [secure] [http-nio-8082-exec-4] o.s.security.web.FilterChainProxy        : Secured GET /favicon.ico
2024-12-27T01:30:20.069+05:30 DEBUG 38290 --- [secure] [http-nio-8082-exec-6] o.s.security.web.FilterChainProxy        : Securing GET /test
2024-12-27T01:30:20.070+05:30 DEBUG 38290 --- [secure] [http-nio-8082-exec-6] w.c.HttpSessionSecurityContextRepository : Retrieved SecurityContextImpl [Authentication=UsernamePasswordAuthenticationToken [Principal=com.crm.secure.model.CustomUserDetails@6f67127c, Credentials=[PROTECTED], Authenticated=true, Details=WebAuthenticationDetails [RemoteIpAddress=0:0:0:0:0:0:0:1, SessionId=AEBB3A23E51095B74CABAABF514CFB49], Granted Authorities=[USER]]]
2024-12-27T01:30:20.071+05:30 DEBUG 38290 --- [secure] [http-nio-8082-exec-6] o.s.security.web.FilterChainProxy        : Secured GET /test
2024-12-27T01:30:20.160+05:30 DEBUG 38290 --- [secure] [http-nio-8082-exec-7] o.s.security.web.FilterChainProxy        : Securing GET /favicon.ico
2024-12-27T01:30:20.161+05:30 DEBUG 38290 --- [secure] [http-nio-8082-exec-7] w.c.HttpSessionSecurityContextRepository : Retrieved SecurityContextImpl [Authentication=UsernamePasswordAuthenticationToken [Principal=com.crm.secure.model.CustomUserDetails@6f67127c, Credentials=[PROTECTED], Authenticated=true, Details=WebAuthenticationDetails [RemoteIpAddress=0:0:0:0:0:0:0:1, SessionId=AEBB3A23E51095B74CABAABF514CFB49], Granted Authorities=[USER]]]
2024-12-27T01:30:20.162+05:30 DEBUG 38290 --- [secure] [http-nio-8082-exec-7] o.s.security.web.FilterChainProxy        : Secured GET /favicon.ico
